# JRE version: Java(TM) SE Runtime Environment (8.0_101-b13) (build 1.8.0_101-b13)
# Java VM: Java HotSpot(TM) 64-Bit Server VM (25.101-b13 mixed mode windows-amd64 compressed oops)
Heap:
 PSYoungGen      total 773632K, used 253628K [0x000000076b700000, 0x00000007ba680000, 0x00000007c0000000)
  eden space 311808K, 26% used [0x000000076b700000,0x00000007706f7228,0x000000077e780000)
  from space 461824K, 37% used [0x000000077e780000,0x0000000788f38000,0x000000079aa80000)
  to   space 461824K, 0% used [0x000000079e380000,0x000000079e380000,0x00000007ba680000)
 ParOldGen       total 1164288K, used 818835K [0x00000006c2400000, 0x0000000709500000, 0x000000076b700000)
  object space 1164288K, 70% used [0x00000006c2400000,0x00000006f43a4da0,0x0000000709500000)
 Metaspace       used 12979K, capacity 13184K, committed 13440K, reserved 1060864K
  class space    used 1532K, capacity 1574K, committed 1664K, reserved 1048576K
GC Heap History (10 events):
Event: 16.237 GC heap before
{Heap before GC invocations=24 (full 4):
 PSYoungGen      total 594944K, used 594914K [0x000000076b700000, 0x00000007b3900000, 0x00000007c0000000)
  eden space 228864K, 100% used [0x000000076b700000,0x0000000779680000,0x0000000779680000)
  from space 366080K, 99% used [0x0000000779680000,0x000000078fbf8ac0,0x000000078fc00000)
  to   space 457728K, 0% used [0x0000000797a00000,0x0000000797a00000,0x00000007b3900000)
 ParOldGen       total 1164288K, used 723109K [0x00000006c2400000, 0x0000000709500000, 0x000000076b700000)
  object space 1164288K, 62% used [0x00000006c2400000,0x00000006ee6296b8,0x0000000709500000)
 Metaspace       used 11326K, capacity 11412K, committed 11648K, reserved 1058816K
  class space    used 1331K, capacity 1368K, committed 1408K, reserved 1048576K
Event: 16.660 GC heap after
Heap after GC invocations=24 (full 4):
 PSYoungGen      total 719872K, used 457699K [0x000000076b700000, 0x00000007b4800000, 0x00000007c0000000)
  eden space 262144K, 0% used [0x000000076b700000,0x000000076b700000,0x000000077b700000)
  from space 457728K, 99% used [0x0000000797a00000,0x00000007b38f8ee0,0x00000007b3900000)
  to   space 461824K, 0% used [0x000000077b700000,0x000000077b700000,0x0000000797a00000)
 ParOldGen       total 1164288K, used 868552K [0x00000006c2400000, 0x0000000709500000, 0x000000076b700000)
  object space 1164288K, 74% used [0x00000006c2400000,0x00000006f74320c8,0x0000000709500000)
 Metaspace       used 11326K, capacity 11412K, committed 11648K, reserved 1058816K
  class space    used 1331K, capacity 1368K, committed 1408K, reserved 1048576K
}
Event: 16.949 GC heap before
{Heap before GC invocations=25 (full 4):
 PSYoungGen      total 719872K, used 719843K [0x000000076b700000, 0x00000007b4800000, 0x00000007c0000000)
  eden space 262144K, 100% used [0x000000076b700000,0x000000077b700000,0x000000077b700000)
  from space 457728K, 99% used [0x0000000797a00000,0x00000007b38f8ee0,0x00000007b3900000)
  to   space 461824K, 0% used [0x000000077b700000,0x000000077b700000,0x0000000797a00000)
 ParOldGen       total 1164288K, used 868552K [0x00000006c2400000, 0x0000000709500000, 0x000000076b700000)
  object space 1164288K, 74% used [0x00000006c2400000,0x00000006f74320c8,0x0000000709500000)
 Metaspace       used 11379K, capacity 11476K, committed 11648K, reserved 1058816K
  class space    used 1345K, capacity 1368K, committed 1408K, reserved 1048576K
Event: 17.425 GC heap after
Heap after GC invocations=25 (full 4):
 PSYoungGen      total 723968K, used 461803K [0x000000076b700000, 0x00000007b7300000, 0x00000007c0000000)
  eden space 262144K, 0% used [0x000000076b700000,0x000000076b700000,0x000000077b700000)
  from space 461824K, 99% used [0x000000077b700000,0x00000007979fac10,0x0000000797a00000)
  to   space 461824K, 0% used [0x000000079b000000,0x000000079b000000,0x00000007b7300000)
 ParOldGen       total 1164288K, used 1092236K [0x00000006c2400000, 0x0000000709500000, 0x000000076b700000)
  object space 1164288K, 93% used [0x00000006c2400000,0x0000000704ea3360,0x0000000709500000)
 Metaspace       used 11379K, capacity 11476K, committed 11648K, reserved 1058816K
  class space    used 1345K, capacity 1368K, committed 1408K, reserved 1048576K
}
Event: 17.425 GC heap before
{Heap before GC invocations=26 (full 5):
 PSYoungGen      total 723968K, used 461803K [0x000000076b700000, 0x00000007b7300000, 0x00000007c0000000)
  eden space 262144K, 0% used [0x000000076b700000,0x000000076b700000,0x000000077b700000)
  from space 461824K, 99% used [0x000000077b700000,0x00000007979fac10,0x0000000797a00000)
  to   space 461824K, 0% used [0x000000079b000000,0x000000079b000000,0x00000007b7300000)
 ParOldGen       total 1164288K, used 1092236K [0x00000006c2400000, 0x0000000709500000, 0x000000076b700000)
  object space 1164288K, 93% used [0x00000006c2400000,0x0000000704ea3360,0x0000000709500000)
 Metaspace       used 11379K, capacity 11476K, committed 11648K, reserved 1058816K
  class space    used 1345K, capacity 1368K, committed 1408K, reserved 1048576K
Event: 18.580 GC heap after
Heap after GC invocations=26 (full 5):
 PSYoungGen      total 723968K, used 0K [0x000000076b700000, 0x00000007b7300000, 0x00000007c0000000)
  eden space 262144K, 0% used [0x000000076b700000,0x000000076b700000,0x000000077b700000)
  from space 461824K, 0% used [0x000000077b700000,0x000000077b700000,0x0000000797a00000)
  to   space 461824K, 0% used [0x000000079b000000,0x000000079b000000,0x00000007b7300000)
 ParOldGen       total 1164288K, used 818835K [0x00000006c2400000, 0x0000000709500000, 0x000000076b700000)
  object space 1164288K, 70% used [0x00000006c2400000,0x00000006f43a4da0,0x0000000709500000)
 Metaspace       used 11379K, capacity 11476K, committed 11648K, reserved 1058816K
  class space    used 1345K, capacity 1368K, committed 1408K, reserved 1048576K
}
Event: 18.905 GC heap before
{Heap before GC invocations=27 (full 5):
 PSYoungGen      total 723968K, used 262144K [0x000000076b700000, 0x00000007b7300000, 0x00000007c0000000)
  eden space 262144K, 100% used [0x000000076b700000,0x000000077b700000,0x000000077b700000)
  from space 461824K, 0% used [0x000000077b700000,0x000000077b700000,0x0000000797a00000)
  to   space 461824K, 0% used [0x000000079b000000,0x000000079b000000,0x00000007b7300000)
 ParOldGen       total 1164288K, used 818835K [0x00000006c2400000, 0x0000000709500000, 0x000000076b700000)
  object space 1164288K, 70% used [0x00000006c2400000,0x00000006f43a4da0,0x0000000709500000)
 Metaspace       used 11384K, capacity 11482K, committed 11648K, reserved 1058816K
  class space    used 1346K, capacity 1369K, committed 1408K, reserved 1048576K
Event: 18.983 GC heap after
Heap after GC invocations=27 (full 5):
 PSYoungGen      total 768000K, used 78688K [0x000000076b700000, 0x00000007b6d80000, 0x00000007c0000000)
  eden space 311808K, 0% used [0x000000076b700000,0x000000076b700000,0x000000077e780000)
  from space 456192K, 17% used [0x000000079b000000,0x000000079fcd8000,0x00000007b6d80000)
  to   space 461824K, 0% used [0x000000077e780000,0x000000077e780000,0x000000079aa80000)
 ParOldGen       total 1164288K, used 818835K [0x00000006c2400000, 0x0000000709500000, 0x000000076b700000)
  object space 1164288K, 70% used [0x00000006c2400000,0x00000006f43a4da0,0x0000000709500000)
 Metaspace       used 11384K, capacity 11482K, committed 11648K, reserved 1058816K
  class space    used 1346K, capacity 1369K, committed 1408K, reserved 1048576K
}
Event: 19.329 GC heap before
{Heap before GC invocations=28 (full 5):
 PSYoungGen      total 768000K, used 390496K [0x000000076b700000, 0x00000007b6d80000, 0x00000007c0000000)
  eden space 311808K, 100% used [0x000000076b700000,0x000000077e780000,0x000000077e780000)
  from space 456192K, 17% used [0x000000079b000000,0x000000079fcd8000,0x00000007b6d80000)
  to   space 461824K, 0% used [0x000000077e780000,0x000000077e780000,0x000000079aa80000)
 ParOldGen       total 1164288K, used 818835K [0x00000006c2400000, 0x0000000709500000, 0x000000076b700000)
  object space 1164288K, 70% used [0x00000006c2400000,0x00000006f43a4da0,0x0000000709500000)
 Metaspace       used 11385K, capacity 11482K, committed 11648K, reserved 1058816K
  class space    used 1346K, capacity 1369K, committed 1408K, reserved 1048576K
Event: 19.485 GC heap after
Heap after GC invocations=28 (full 5):
 PSYoungGen      total 773632K, used 171744K [0x000000076b700000, 0x00000007ba680000, 0x00000007c0000000)
  eden space 311808K, 0% used [0x000000076b700000,0x000000076b700000,0x000000077e780000)
  from space 461824K, 37% used [0x000000077e780000,0x0000000788f38000,0x000000079aa80000)
  to   space 461824K, 0% used [0x000000079e380000,0x000000079e380000,0x00000007ba680000)
 ParOldGen       total 1164288K, used 818835K [0x00000006c2400000, 0x0000000709500000, 0x000000076b700000)
  object space 1164288K, 70% used [0x00000006c2400000,0x00000006f43a4da0,0x0000000709500000)
 Metaspace       used 11385K, capacity 11482K, committed 11648K, reserved 1058816K
  class space    used 1346K, capacity 1369K, committed 1408K, reserved 1048576K
}

