# JRE version: Java(TM) SE Runtime Environment (8.0_101-b13) (build 1.8.0_101-b13)
# Java VM: Java HotSpot(TM) 64-Bit Server VM (25.101-b13 mixed mode windows-amd64 compressed oops)
Heap:
 PSYoungGen      total 203776K, used 169236K [0x000000076b700000, 0x0000000779200000, 0x00000007c0000000)
  eden space 186368K, 90% used [0x000000076b700000,0x0000000775c2d2c8,0x0000000776d00000)
  from space 17408K, 0% used [0x0000000778100000,0x0000000778118000,0x0000000779200000)
  to   space 18944K, 0% used [0x0000000776d00000,0x0000000776d00000,0x0000000777f80000)
 ParOldGen       total 157184K, used 84216K [0x00000006c2400000, 0x00000006cbd80000, 0x000000076b700000)
  object space 157184K, 53% used [0x00000006c2400000,0x00000006c763e1e8,0x00000006cbd80000)
 Metaspace       used 26053K, capacity 26688K, committed 27008K, reserved 1073152K
  class space    used 2897K, capacity 3098K, committed 3200K, reserved 1048576K
GC Heap History (10 events):
Event: 256.874 GC heap before
{Heap before GC invocations=21 (full 1):
 PSYoungGen      total 91648K, used 78452K [0x000000076b700000, 0x0000000773e00000, 0x00000007c0000000)
  eden space 73216K, 100% used [0x000000076b700000,0x000000076fe80000,0x000000076fe80000)
  from space 18432K, 28% used [0x000000076fe80000,0x000000077039d1c8,0x0000000771080000)
  to   space 18432K, 0% used [0x0000000772c00000,0x0000000772c00000,0x0000000773e00000)
 ParOldGen       total 157184K, used 78856K [0x00000006c2400000, 0x00000006cbd80000, 0x000000076b700000)
  object space 157184K, 50% used [0x00000006c2400000,0x00000006c71021d8,0x00000006cbd80000)
 Metaspace       used 25080K, capacity 25704K, committed 25984K, reserved 1073152K
  class space    used 2764K, capacity 2918K, committed 2944K, reserved 1048576K
Event: 256.879 GC heap after
Heap after GC invocations=21 (full 1):
 PSYoungGen      total 119296K, used 96K [0x000000076b700000, 0x0000000773f00000, 0x00000007c0000000)
  eden space 100864K, 0% used [0x000000076b700000,0x000000076b700000,0x0000000771980000)
  from space 18432K, 0% used [0x0000000772c00000,0x0000000772c18000,0x0000000773e00000)
  to   space 18944K, 0% used [0x0000000771980000,0x0000000771980000,0x0000000772c00000)
 ParOldGen       total 157184K, used 83992K [0x00000006c2400000, 0x00000006cbd80000, 0x000000076b700000)
  object space 157184K, 53% used [0x00000006c2400000,0x00000006c76061e8,0x00000006cbd80000)
 Metaspace       used 25080K, capacity 25704K, committed 25984K, reserved 1073152K
  class space    used 2764K, capacity 2918K, committed 2944K, reserved 1048576K
}
Event: 257.576 GC heap before
{Heap before GC invocations=22 (full 1):
 PSYoungGen      total 119296K, used 100960K [0x000000076b700000, 0x0000000773f00000, 0x00000007c0000000)
  eden space 100864K, 100% used [0x000000076b700000,0x0000000771980000,0x0000000771980000)
  from space 18432K, 0% used [0x0000000772c00000,0x0000000772c18000,0x0000000773e00000)
  to   space 18944K, 0% used [0x0000000771980000,0x0000000771980000,0x0000000772c00000)
 ParOldGen       total 157184K, used 83992K [0x00000006c2400000, 0x00000006cbd80000, 0x000000076b700000)
  object space 157184K, 53% used [0x00000006c2400000,0x00000006c76061e8,0x00000006cbd80000)
 Metaspace       used 25105K, capacity 25704K, committed 25984K, reserved 1073152K
  class space    used 2765K, capacity 2918K, committed 2944K, reserved 1048576K
Event: 257.577 GC heap after
Heap after GC invocations=22 (full 1):
 PSYoungGen      total 119808K, used 224K [0x000000076b700000, 0x0000000776400000, 0x00000007c0000000)
  eden space 100864K, 0% used [0x000000076b700000,0x000000076b700000,0x0000000771980000)
  from space 18944K, 1% used [0x0000000771980000,0x00000007719b8000,0x0000000772c00000)
  to   space 19456K, 0% used [0x0000000775100000,0x0000000775100000,0x0000000776400000)
 ParOldGen       total 157184K, used 84016K [0x00000006c2400000, 0x00000006cbd80000, 0x000000076b700000)
  object space 157184K, 53% used [0x00000006c2400000,0x00000006c760c1e8,0x00000006cbd80000)
 Metaspace       used 25105K, capacity 25704K, committed 25984K, reserved 1073152K
  class space    used 2765K, capacity 2918K, committed 2944K, reserved 1048576K
}
Event: 257.985 GC heap before
{Heap before GC invocations=23 (full 1):
 PSYoungGen      total 119808K, used 101088K [0x000000076b700000, 0x0000000776400000, 0x00000007c0000000)
  eden space 100864K, 100% used [0x000000076b700000,0x0000000771980000,0x0000000771980000)
  from space 18944K, 1% used [0x0000000771980000,0x00000007719b8000,0x0000000772c00000)
  to   space 19456K, 0% used [0x0000000775100000,0x0000000775100000,0x0000000776400000)
 ParOldGen       total 157184K, used 84016K [0x00000006c2400000, 0x00000006cbd80000, 0x000000076b700000)
  object space 157184K, 53% used [0x00000006c2400000,0x00000006c760c1e8,0x00000006cbd80000)
 Metaspace       used 25113K, capacity 25704K, committed 25984K, reserved 1073152K
  class space    used 2766K, capacity 2918K, committed 2944K, reserved 1048576K
Event: 257.986 GC heap after
Heap after GC invocations=23 (full 1):
 PSYoungGen      total 156672K, used 96K [0x000000076b700000, 0x0000000776380000, 0x00000007c0000000)
  eden space 137728K, 0% used [0x000000076b700000,0x000000076b700000,0x0000000773d80000)
  from space 18944K, 0% used [0x0000000775100000,0x0000000775118000,0x0000000776380000)
  to   space 19456K, 0% used [0x0000000773d80000,0x0000000773d80000,0x0000000775080000)
 ParOldGen       total 157184K, used 84160K [0x00000006c2400000, 0x00000006cbd80000, 0x000000076b700000)
  object space 157184K, 53% used [0x00000006c2400000,0x00000006c76301e8,0x00000006cbd80000)
 Metaspace       used 25113K, capacity 25704K, committed 25984K, reserved 1073152K
  class space    used 2766K, capacity 2918K, committed 2944K, reserved 1048576K
}
Event: 258.389 GC heap before
{Heap before GC invocations=24 (full 1):
 PSYoungGen      total 156672K, used 137824K [0x000000076b700000, 0x0000000776380000, 0x00000007c0000000)
  eden space 137728K, 100% used [0x000000076b700000,0x0000000773d80000,0x0000000773d80000)
  from space 18944K, 0% used [0x0000000775100000,0x0000000775118000,0x0000000776380000)
  to   space 19456K, 0% used [0x0000000773d80000,0x0000000773d80000,0x0000000775080000)
 ParOldGen       total 157184K, used 84160K [0x00000006c2400000, 0x00000006cbd80000, 0x000000076b700000)
  object space 157184K, 53% used [0x00000006c2400000,0x00000006c76301e8,0x00000006cbd80000)
 Metaspace       used 25113K, capacity 25704K, committed 25984K, reserved 1073152K
  class space    used 2766K, capacity 2918K, committed 2944K, reserved 1048576K
Event: 258.391 GC heap after
Heap after GC invocations=24 (full 1):
 PSYoungGen      total 157184K, used 64K [0x000000076b700000, 0x0000000779400000, 0x00000007c0000000)
  eden space 137728K, 0% used [0x000000076b700000,0x000000076b700000,0x0000000773d80000)
  from space 19456K, 0% used [0x0000000773d80000,0x0000000773d90000,0x0000000775080000)
  to   space 19456K, 0% used [0x0000000778100000,0x0000000778100000,0x0000000779400000)
 ParOldGen       total 157184K, used 84184K [0x00000006c2400000, 0x00000006cbd80000, 0x000000076b700000)
  object space 157184K, 53% used [0x00000006c2400000,0x00000006c76361e8,0x00000006cbd80000)
 Metaspace       used 25113K, capacity 25704K, committed 25984K, reserved 1073152K
  class space    used 2766K, capacity 2918K, committed 2944K, reserved 1048576K
}
Event: 258.681 GC heap before
{Heap before GC invocations=25 (full 1):
 PSYoungGen      total 157184K, used 137792K [0x000000076b700000, 0x0000000779400000, 0x00000007c0000000)
  eden space 137728K, 100% used [0x000000076b700000,0x0000000773d80000,0x0000000773d80000)
  from space 19456K, 0% used [0x0000000773d80000,0x0000000773d90000,0x0000000775080000)
  to   space 19456K, 0% used [0x0000000778100000,0x0000000778100000,0x0000000779400000)
 ParOldGen       total 157184K, used 84184K [0x00000006c2400000, 0x00000006cbd80000, 0x000000076b700000)
  object space 157184K, 53% used [0x00000006c2400000,0x00000006c76361e8,0x00000006cbd80000)
 Metaspace       used 25114K, capacity 25704K, committed 25984K, reserved 1073152K
  class space    used 2766K, capacity 2918K, committed 2944K, reserved 1048576K
Event: 258.683 GC heap after
Heap after GC invocations=25 (full 1):
 PSYoungGen      total 203776K, used 96K [0x000000076b700000, 0x0000000779200000, 0x00000007c0000000)
  eden space 186368K, 0% used [0x000000076b700000,0x000000076b700000,0x0000000776d00000)
  from space 17408K, 0% used [0x0000000778100000,0x0000000778118000,0x0000000779200000)
  to   space 18944K, 0% used [0x0000000776d00000,0x0000000776d00000,0x0000000777f80000)
 ParOldGen       total 157184K, used 84216K [0x00000006c2400000, 0x00000006cbd80000, 0x000000076b700000)
  object space 157184K, 53% used [0x00000006c2400000,0x00000006c763e1e8,0x00000006cbd80000)
 Metaspace       used 25114K, capacity 25704K, committed 25984K, reserved 1073152K
  class space    used 2766K, capacity 2918K, committed 2944K, reserved 1048576K
}

